Log file open, 12/13/19 03:18:09
LogWindows: Failed to load 'aqProf.dll' (GetLastError=126)
LogWindows: File 'aqProf.dll' does not exist
LogWindows: Failed to load 'VtuneApi.dll' (GetLastError=126)
LogWindows: File 'VtuneApi.dll' does not exist
LogWindows: Failed to load 'VtuneApi32e.dll' (GetLastError=126)
LogWindows: File 'VtuneApi32e.dll' does not exist
LogConsoleResponse: Display: Failed to find resolution value strings in scalability ini. Falling back to default.
LogInit: Display: Running engine for game: Decade
LogPakFile: Registered encryption key '00000000000000000000000000000000': 0 pak files mounted, 0 remain pending
LogPlatformFile: Not using cached read wrapper
LogTaskGraph: Started task graph with 5 named threads and 35 total threads with 3 sets of task threads.
LogStats: Stats thread started at 0.467179
LogD3D11RHI: Loaded GFSDK_Aftermath_Lib.x64.dll
LogICUInternationalization: ICU TimeZone Detection - Raw Offset: -5:00, Platform Override: ''
LogPluginManager: Mounting plugin Paper2D
LogPluginManager: Mounting plugin AISupport
LogPluginManager: Mounting plugin LightPropagationVolume
LogPluginManager: Mounting plugin ActorLayerUtilities
LogPluginManager: Mounting plugin AnimationSharing
LogPluginManager: Mounting plugin CLionSourceCodeAccess
LogPluginManager: Mounting plugin CodeLiteSourceCodeAccess
LogPluginManager: Mounting plugin GitSourceControl
LogPluginManager: Mounting plugin KDevelopSourceCodeAccess
LogPluginManager: Mounting plugin NullSourceCodeAccess
LogPluginManager: Mounting plugin PerforceSourceControl
LogPluginManager: Mounting plugin SubversionSourceControl
LogPluginManager: Mounting plugin UObjectPlugin
LogPluginManager: Mounting plugin VisualStudioCodeSourceCodeAccess
LogPluginManager: Mounting plugin VisualStudioSourceCodeAccess
LogPluginManager: Mounting plugin XCodeSourceCodeAccess
LogPluginManager: Mounting plugin AssetManagerEditor
LogPluginManager: Mounting plugin CryptoKeys
LogPluginManager: Mounting plugin DataValidation
LogPluginManager: Mounting plugin FacialAnimation
LogPluginManager: Mounting plugin GameplayTagsEditor
LogPluginManager: Mounting plugin MacGraphicsSwitching
LogPluginManager: Mounting plugin MaterialAnalyzer
LogPluginManager: Mounting plugin MobileLauncherProfileWizard
LogPluginManager: Mounting plugin PluginBrowser
LogPluginManager: Mounting plugin SpeedTreeImporter
LogPluginManager: Mounting plugin DatasmithContent
LogPluginManager: Mounting plugin VariantManagerContent
LogPluginManager: Mounting plugin AlembicImporter
LogPluginManager: Mounting plugin AppleImageUtils
LogPluginManager: Mounting plugin AppleVision
LogPluginManager: Mounting plugin BackChannel
LogPluginManager: Mounting plugin CharacterAI
LogPluginManager: Mounting plugin GeometryCache
LogPluginManager: Mounting plugin HTML5Networking
LogPluginManager: Mounting plugin ProxyLODPlugin
LogPluginManager: Mounting plugin SkeletalReduction
LogPluginManager: Mounting plugin MagicLeap
LogPluginManager: Mounting plugin MagicLeapMedia
LogPluginManager: Mounting plugin AndroidMedia
LogPluginManager: Mounting plugin AvfMedia
LogPluginManager: Mounting plugin ImgMedia
LogPluginManager: Mounting plugin LinearTimecode
LogPluginManager: Mounting plugin MediaCompositing
LogPluginManager: Mounting plugin MediaPlayerEditor
LogPluginManager: Mounting plugin WebMMedia
LogPluginManager: Mounting plugin WmfMedia
LogPluginManager: Mounting plugin TcpMessaging
LogPluginManager: Mounting plugin UdpMessaging
LogPluginManager: Mounting plugin ActorSequence
LogPluginManager: Mounting plugin LevelSequenceEditor
LogPluginManager: Mounting plugin MatineeToLevelSequence
LogPluginManager: Mounting plugin NetcodeUnitTest
LogPluginManager: Mounting plugin NUTUnrealEngine4
LogPluginManager: Mounting plugin OnlineSubsystemGooglePlay
LogPluginManager: Mounting plugin OnlineSubsystemIOS
LogPluginManager: Mounting plugin OnlineSubsystem
LogPluginManager: Mounting plugin OnlineSubsystemNull
LogPluginManager: Mounting plugin OnlineSubsystemUtils
LogPluginManager: Mounting plugin LauncherChunkInstaller
LogPluginManager: Mounting plugin AndroidDeviceProfileSelector
LogPluginManager: Mounting plugin AndroidMoviePlayer
LogPluginManager: Mounting plugin AndroidPermission
LogPluginManager: Mounting plugin AppleMoviePlayer
LogPluginManager: Mounting plugin ArchVisCharacter
LogPluginManager: Mounting plugin AudioCapture
LogPluginManager: Mounting plugin CableComponent
LogPluginManager: Mounting plugin CustomMeshComponent
LogPluginManager: Mounting plugin EditableMesh
LogPluginManager: Mounting plugin ExampleDeviceProfileSelector
LogPluginManager: Mounting plugin Firebase
LogPluginManager: Mounting plugin GoogleCloudMessaging
LogPluginManager: Mounting plugin IOSDeviceProfileSelector
LogPluginManager: Mounting plugin LinuxDeviceProfileSelector
LogPluginManager: Mounting plugin LocationServicesBPLibrary
LogPluginManager: Mounting plugin MobilePatchingUtils
LogPluginManager: Mounting plugin OculusVR
LogPluginManager: Mounting plugin PhysXVehicles
LogPluginManager: Mounting plugin ProceduralMeshComponent
LogPluginManager: Mounting plugin RuntimePhysXCooking
LogPluginManager: Mounting plugin SignificanceManager
LogPluginManager: Mounting plugin SteamVR
LogPluginManager: Mounting plugin WebMMoviePlayer
LogPluginManager: Mounting plugin WindowsMoviePlayer
LogInit: Using libcurl 7.55.1-DEV
LogInit:  - built for x86_64-pc-win32
LogInit:  - supports SSL with OpenSSL/1.1.1
LogInit:  - supports HTTP deflate (compression) using libz 1.2.8
LogInit:  - other features:
LogInit:      CURL_VERSION_SSL
LogInit:      CURL_VERSION_LIBZ
LogInit:      CURL_VERSION_IPV6
LogInit:      CURL_VERSION_ASYNCHDNS
LogInit:      CURL_VERSION_LARGEFILE
LogInit:      CURL_VERSION_IDN
LogInit:  CurlRequestOptions (configurable via config and command line):
LogInit:  - bVerifyPeer = true  - Libcurl will verify peer certificate
LogInit:  - bUseHttpProxy = false  - Libcurl will NOT use HTTP proxy
LogInit:  - bDontReuseConnections = false  - Libcurl will reuse connections
LogInit:  - MaxHostConnections = 16  - Libcurl will limit the number of connections to a host
LogInit:  - LocalHostAddr = Default
LogInit:  - BufferSize = 65536
LogInit: WinSock: version 1.1 (2.2), MaxSocks=32767, MaxUdp=65467
LogInit: Build: ++UE4+Release-4.22-CL-7053642
LogInit: Engine Version: 4.22.3-7053642+++UE4+Release-4.22
LogInit: Compatible Engine Version: 4.22.0-5660361+++UE4+Release-4.22
LogInit: Net CL: 5660361
LogInit: OS: Windows 10 (Release 1903) (), CPU: Intel(R) Core(TM) i7-8750H CPU @ 2.20GHz, GPU: Intel(R) UHD Graphics 630
LogInit: Compiled (64-bit): Jun 18 2019 03:09:11
LogInit: Compiled with Visual C++: 19.16.27025.01
LogInit: Build Configuration: Development
LogInit: Branch Name: ++UE4+Release-4.22
LogInit: Command Line:  -skipcompile
LogInit: Base Directory: C:/Program Files/Epic Games/UE_4.22/Engine/Binaries/Win64/
LogInit: Installed Engine Build: 1
LogDevObjectVersion: Number of dev versions registered: 23
LogDevObjectVersion:   Dev-Blueprints (B0D832E4-1F89-4F0D-ACCF-7EB736FD4AA2): 10
LogDevObjectVersion:   Dev-Build (E1C64328-A22C-4D53-A36C-8E866417BD8C): 0
LogDevObjectVersion:   Dev-Core (375EC13C-06E4-48FB-B500-84F0262A717E): 3
LogDevObjectVersion:   Dev-Editor (E4B068ED-F494-42E9-A231-DA0B2E46BB41): 30
LogDevObjectVersion:   Dev-Framework (CFFC743F-43B0-4480-9391-14DF171D2073): 35
LogDevObjectVersion:   Dev-Mobile (B02B49B5-BB20-44E9-A304-32B752E40360): 2
LogDevObjectVersion:   Dev-Networking (A4E4105C-59A1-49B5-A7C5-40C4547EDFEE): 0
LogDevObjectVersion:   Dev-Online (39C831C9-5AE6-47DC-9A44-9C173E1C8E7C): 0
LogDevObjectVersion:   Dev-Physics (78F01B33-EBEA-4F98-B9B4-84EACCB95AA2): 0
LogDevObjectVersion:   Dev-Platform (6631380F-2D4D-43E0-8009-CF276956A95A): 0
LogDevObjectVersion:   Dev-Rendering (12F88B9F-8875-4AFC-A67C-D90C383ABD29): 28
LogDevObjectVersion:   Dev-Sequencer (7B5AE74C-D270-4C10-A958-57980B212A5A): 11
LogDevObjectVersion:   Dev-VR (D7296918-1DD6-4BDD-9DE2-64A83CC13884): 2
LogDevObjectVersion:   Dev-LoadTimes (C2A15278-BFE7-4AFE-6C17-90FF531DF755): 1
LogDevObjectVersion:   Private-Geometry (6EACA3D4-40EC-4CC1-B786-8BED09428FC5): 3
LogDevObjectVersion:   Dev-AnimPhys (29E575DD-E0A3-4627-9D10-D276232CDCEA): 17
LogDevObjectVersion:   Dev-Anim (AF43A65D-7FD3-4947-9873-3E8ED9C1BB05): 2
LogDevObjectVersion:   Dev-ReflectionCapture (6B266CEC-1EC7-4B8F-A30B-E4D90942FC07): 1
LogDevObjectVersion:   Dev-Automation (0DF73D61-A23F-47EA-B727-89E90C41499A): 1
LogDevObjectVersion:   FortniteMain (601D1886-AC64-4F84-AA16-D3DE0DEAC7D6): 25
LogDevObjectVersion:   Dev-Enterprise (9DFFBCD6-494F-0158-E221-12823C92A888): 6
LogDevObjectVersion:   Dev-Niagara (F2AED0AC-9AFE-416F-8664-AA7FFA26D6FC): 1
LogDevObjectVersion:   Dev-Destruction (174F1F0B-B4C6-45A5-B13F-2EE8D0FB917D): 2
LogInit: Presizing for max 16777216 objects, including 0 objects not considered by GC, pre-allocating 0 bytes for permanent pool.
LogInit: Object subsystem initialized
LogConfig: Setting CVar [[con.DebugEarlyDefault:1]]
LogConfig: Setting CVar [[r.setres:1280x720]]
[2019.12.13-08.18.09:762][  0]LogConfig: Setting CVar [[r.VSync:0]]
[2019.12.13-08.18.09:762][  0]LogConfig: Setting CVar [[r.RHICmdBypass:0]]
[2019.12.13-08.18.09:762][  0]LogConfig: Applying CVar settings from Section [/Script/Engine.RendererSettings] File [E:/CubeMon/Decade/Saved/Config/Windows/Engine.ini]
[2019.12.13-08.18.09:762][  0]LogConfig: Setting CVar [[r.GPUCrashDebugging:0]]
[2019.12.13-08.18.09:763][  0]LogConfig: Applying CVar settings from Section [/Script/Engine.RendererOverrideSettings] File [E:/CubeMon/Decade/Saved/Config/Windows/Engine.ini]
[2019.12.13-08.18.09:763][  0]LogConfig: Applying CVar settings from Section [/Script/Engine.StreamingSettings] File [E:/CubeMon/Decade/Saved/Config/Windows/Engine.ini]
[2019.12.13-08.18.09:763][  0]LogConfig: Setting CVar [[s.MinBulkDataSizeForAsyncLoading:131072]]
[2019.12.13-08.18.09:763][  0]LogConfig: Setting CVar [[s.AsyncLoadingThreadEnabled:0]]
[2019.12.13-08.18.09:763][  0]LogConfig: Setting CVar [[s.EventDrivenLoaderEnabled:1]]
[2019.12.13-08.18.09:763][  0]LogConfig: Setting CVar [[s.WarnIfTimeLimitExceeded:0]]
[2019.12.13-08.18.09:763][  0]LogConfig: Setting CVar [[s.TimeLimitExceededMultiplier:1.5]]
[2019.12.13-08.18.09:763][  0]LogConfig: Setting CVar [[s.TimeLimitExceededMinTime:0.005]]
[2019.12.13-08.18.09:763][  0]LogConfig: Setting CVar [[s.UseBackgroundLevelStreaming:1]]
[2019.12.13-08.18.09:763][  0]LogConfig: Setting CVar [[s.PriorityAsyncLoadingExtraTime:15.0]]
[2019.12.13-08.18.09:763][  0]LogConfig: Setting CVar [[s.LevelStreamingActorsUpdateTimeLimit:5.0]]
[2019.12.13-08.18.09:763][  0]LogConfig: Setting CVar [[s.PriorityLevelStreamingActorsUpdateExtraTime:5.0]]
[2019.12.13-08.18.09:763][  0]LogConfig: Setting CVar [[s.LevelStreamingComponentsRegistrationGranularity:10]]
[2019.12.13-08.18.09:763][  0]LogConfig: Setting CVar [[s.UnregisterComponentsTimeLimit:1.0]]
[2019.12.13-08.18.09:763][  0]LogConfig: Setting CVar [[s.LevelStreamingComponentsUnregistrationGranularity:5]]
[2019.12.13-08.18.09:763][  0]LogConfig: Applying CVar settings from Section [/Script/Engine.GarbageCollectionSettings] File [E:/CubeMon/Decade/Saved/Config/Windows/Engine.ini]
[2019.12.13-08.18.09:763][  0]LogConfig: Setting CVar [[gc.MaxObjectsNotConsideredByGC:1]]
[2019.12.13-08.18.09:763][  0]LogConfig: Setting CVar [[gc.SizeOfPermanentObjectPool:0]]
[2019.12.13-08.18.09:763][  0]LogConfig: Setting CVar [[gc.FlushStreamingOnGC:0]]
[2019.12.13-08.18.09:763][  0]LogConfig: Setting CVar [[gc.NumRetriesBeforeForcingGC:10]]
[2019.12.13-08.18.09:763][  0]LogConfig: Setting CVar [[gc.AllowParallelGC:1]]
[2019.12.13-08.18.09:763][  0]LogConfig: Setting CVar [[gc.TimeBetweenPurgingPendingKillObjects:61.1]]
[2019.12.13-08.18.09:763][  0]LogConfig: Setting CVar [[gc.MaxObjectsInEditor:16777216]]
[2019.12.13-08.18.09:763][  0]LogConfig: Setting CVar [[gc.IncrementalBeginDestroyEnabled:1]]
[2019.12.13-08.18.09:763][  0]LogConfig: Setting CVar [[gc.CreateGCClusters:1]]
[2019.12.13-08.18.09:763][  0]LogConfig: Setting CVar [[gc.MinGCClusterSize:5]]
[2019.12.13-08.18.09:763][  0]LogConfig: Setting CVar [[gc.ActorClusteringEnabled:0]]
[2019.12.13-08.18.09:763][  0]LogConfig: Setting CVar [[gc.BlueprintClusteringEnabled:0]]
[2019.12.13-08.18.09:763][  0]LogConfig: Setting CVar [[gc.UseDisregardForGCOnDedicatedServers:0]]
[2019.12.13-08.18.09:763][  0]LogConfig: Applying CVar settings from Section [/Script/Engine.NetworkSettings] File [E:/CubeMon/Decade/Saved/Config/Windows/Engine.ini]
[2019.12.13-08.18.09:763][  0]LogConfig: Applying CVar settings from Section [/Script/UnrealEd.CookerSettings] File [E:/CubeMon/Decade/Saved/Config/Windows/Engine.ini]
[2019.12.13-08.18.09:765][  0]LogConfig: Applying CVar settings from Section [ViewDistanceQuality@3] File [E:/CubeMon/Decade/Saved/Config/Windows/Scalability.ini]
[2019.12.13-08.18.09:765][  0]LogConfig: Setting CVar [[r.SkeletalMeshLODBias:0]]
[2019.12.13-08.18.09:765][  0]LogConfig: Setting CVar [[r.ViewDistanceScale:1.0]]
[2019.12.13-08.18.09:765][  0]LogConfig: Applying CVar settings from Section [AntiAliasingQuality@3] File [E:/CubeMon/Decade/Saved/Config/Windows/Scalability.ini]
[2019.12.13-08.18.09:766][  0]LogConfig: Setting CVar [[r.PostProcessAAQuality:4]]
[2019.12.13-08.18.09:766][  0]LogConfig: Applying CVar settings from Section [ShadowQuality@3] File [E:/CubeMon/Decade/Saved/Config/Windows/Scalability.ini]
[2019.12.13-08.18.09:766][  0]LogConfig: Setting CVar [[r.LightFunctionQuality:1]]
[2019.12.13-08.18.09:766][  0]LogConfig: Setting CVar [[r.ShadowQuality:5]]
[2019.12.13-08.18.09:766][  0]LogConfig: Setting CVar [[r.Shadow.CSM.MaxCascades:10]]
[2019.12.13-08.18.09:766][  0]LogConfig: Setting CVar [[r.Shadow.MaxResolution:2048]]
[2019.12.13-08.18.09:766][  0]LogConfig: Setting CVar [[r.Shadow.MaxCSMResolution:2048]]
[2019.12.13-08.18.09:766][  0]LogConfig: Setting CVar [[r.Shadow.RadiusThreshold:0.01]]
[2019.12.13-08.18.09:766][  0]LogConfig: Setting CVar [[r.Shadow.DistanceScale:1.0]]
[2019.12.13-08.18.09:766][  0]LogConfig: Setting CVar [[r.Shadow.CSM.TransitionScale:1.0]]
[2019.12.13-08.18.09:766][  0]LogConfig: Setting CVar [[r.Shadow.PreShadowResolutionFactor:1.0]]
[2019.12.13-08.18.09:766][  0]LogConfig: Setting CVar [[r.DistanceFieldShadowing:1]]
[2019.12.13-08.18.09:766][  0]LogConfig: Setting CVar [[r.DistanceFieldAO:1]]
[2019.12.13-08.18.09:766][  0]LogConfig: Setting CVar [[r.AOQuality:2]]
[2019.12.13-08.18.09:766][  0]LogConfig: Setting CVar [[r.VolumetricFog:1]]
[2019.12.13-08.18.09:766][  0]LogConfig: Setting CVar [[r.VolumetricFog.GridPixelSize:8]]
[2019.12.13-08.18.09:766][  0]LogConfig: Setting CVar [[r.VolumetricFog.GridSizeZ:128]]
[2019.12.13-08.18.09:766][  0]LogConfig: Setting CVar [[r.VolumetricFog.HistoryMissSupersampleCount:4]]
[2019.12.13-08.18.09:766][  0]LogConfig: Setting CVar [[r.LightMaxDrawDistanceScale:1]]
[2019.12.13-08.18.09:766][  0]LogConfig: Setting CVar [[r.CapsuleShadows:1]]
[2019.12.13-08.18.09:766][  0]LogConfig: Applying CVar settings from Section [PostProcessQuality@3] File [E:/CubeMon/Decade/Saved/Config/Windows/Scalability.ini]
[2019.12.13-08.18.09:766][  0]LogConfig: Setting CVar [[r.MotionBlurQuality:4]]
[2019.12.13-08.18.09:766][  0]LogConfig: Setting CVar [[r.AmbientOcclusionMipLevelFactor:0.4]]
[2019.12.13-08.18.09:766][  0]LogConfig: Setting CVar [[r.AmbientOcclusionMaxQuality:100]]
[2019.12.13-08.18.09:766][  0]LogConfig: Setting CVar [[r.AmbientOcclusionLevels:-1]]
[2019.12.13-08.18.09:766][  0]LogConfig: Setting CVar [[r.AmbientOcclusionRadiusScale:1.0]]
[2019.12.13-08.18.09:766][  0]LogConfig: Setting CVar [[r.DepthOfFieldQuality:2]]
[2019.12.13-08.18.09:766][  0]LogConfig: Setting CVar [[r.RenderTargetPoolMin:400]]
[2019.12.13-08.18.09:766][  0]LogConfig: Setting CVar [[r.LensFlareQuality:2]]
[2019.12.13-08.18.09:766][  0]LogConfig: Setting CVar [[r.SceneColorFringeQuality:1]]
[2019.12.13-08.18.09:766][  0]LogConfig: Setting CVar [[r.EyeAdaptationQuality:2]]
[2019.12.13-08.18.09:766][  0]LogConfig: Setting CVar [[r.BloomQuality:5]]
[2019.12.13-08.18.09:766][  0]LogConfig: Setting CVar [[r.FastBlurThreshold:100]]
[2019.12.13-08.18.09:766][  0]LogConfig: Setting CVar [[r.Upscale.Quality:3]]
[2019.12.13-08.18.09:766][  0]LogConfig: Setting CVar [[r.Tonemapper.GrainQuantization:1]]
[2019.12.13-08.18.09:766][  0]LogConfig: Setting CVar [[r.LightShaftQuality:1]]
[2019.12.13-08.18.09:766][  0]LogConfig: Setting CVar [[r.Filter.SizeScale:1]]
[2019.12.13-08.18.09:766][  0]LogConfig: Setting CVar [[r.Tonemapper.Quality:5]]
[2019.12.13-08.18.09:766][  0]LogConfig: Setting CVar [[r.DOF.Gather.AccumulatorQuality:1        ; higher gathering accumulator quality]]
[2019.12.13-08.18.09:766][  0]LogConfig: Setting CVar [[r.DOF.Gather.PostfilterMethod:1          ; Median3x3 postfilering method]]
[2019.12.13-08.18.09:766][  0]LogConfig: Setting CVar [[r.DOF.Gather.EnableBokehSettings:0       ; no bokeh simulation when gathering]]
[2019.12.13-08.18.09:766][  0]LogConfig: Setting CVar [[r.DOF.Gather.RingCount:4                 ; medium number of samples when gathering]]
[2019.12.13-08.18.09:766][  0]LogConfig: Setting CVar [[r.DOF.Scatter.ForegroundCompositing:1    ; additive foreground scattering]]
[2019.12.13-08.18.09:766][  0]LogConfig: Setting CVar [[r.DOF.Scatter.BackgroundCompositing:2    ; additive background scattering]]
[2019.12.13-08.18.09:766][  0]LogConfig: Setting CVar [[r.DOF.Scatter.EnableBokehSettings:1      ; bokeh simulation when scattering]]
[2019.12.13-08.18.09:766][  0]LogConfig: Setting CVar [[r.DOF.Scatter.MaxSpriteRatio:0.1         ; only a maximum of 10% of scattered bokeh]]
[2019.12.13-08.18.09:766][  0]LogConfig: Setting CVar [[r.DOF.Recombine.Quality:1                ; cheap slight out of focus]]
[2019.12.13-08.18.09:766][  0]LogConfig: Setting CVar [[r.DOF.Recombine.EnableBokehSettings:0    ; no bokeh simulation on slight out of focus]]
[2019.12.13-08.18.09:766][  0]LogConfig: Setting CVar [[r.DOF.TemporalAAQuality:1                ; more stable temporal accumulation]]
[2019.12.13-08.18.09:766][  0]LogConfig: Setting CVar [[r.DOF.Kernel.MaxForegroundRadius:0.025]]
[2019.12.13-08.18.09:766][  0]LogConfig: Setting CVar [[r.DOF.Kernel.MaxBackgroundRadius:0.025]]
[2019.12.13-08.18.09:766][  0]LogConfig: Applying CVar settings from Section [TextureQuality@3] File [E:/CubeMon/Decade/Saved/Config/Windows/Scalability.ini]
[2019.12.13-08.18.09:766][  0]LogConfig: Setting CVar [[r.Streaming.MipBias:0]]
[2019.12.13-08.18.09:766][  0]LogConfig: Setting CVar [[r.Streaming.AmortizeCPUToGPUCopy:0]]
[2019.12.13-08.18.09:766][  0]LogConfig: Setting CVar [[r.Streaming.MaxNumTexturesToStreamPerFrame:0]]
[2019.12.13-08.18.09:766][  0]LogConfig: Setting CVar [[r.Streaming.Boost:1]]
[2019.12.13-08.18.09:766][  0]LogConfig: Setting CVar [[r.MaxAnisotropy:8]]
[2019.12.13-08.18.09:766][  0]LogConfig: Setting CVar [[r.Streaming.LimitPoolSizeToVRAM:0]]
[2019.12.13-08.18.09:766][  0]LogConfig: Setting CVar [[r.Streaming.PoolSize:1000]]
[2019.12.13-08.18.09:766][  0]LogConfig: Setting CVar [[r.Streaming.MaxEffectiveScreenSize:0]]
[2019.12.13-08.18.09:766][  0]LogConfig: Applying CVar settings from Section [EffectsQuality@3] File [E:/CubeMon/Decade/Saved/Config/Windows/Scalability.ini]
[2019.12.13-08.18.09:766][  0]LogConfig: Setting CVar [[r.TranslucencyLightingVolumeDim:64]]
[2019.12.13-08.18.09:766][  0]LogConfig: Setting CVar [[r.RefractionQuality:2]]
[2019.12.13-08.18.09:766][  0]LogConfig: Setting CVar [[r.SSR.Quality:3]]
[2019.12.13-08.18.09:766][  0]LogConfig: Setting CVar [[r.SceneColorFormat:4]]
[2019.12.13-08.18.09:766][  0]LogConfig: Setting CVar [[r.DetailMode:2]]
[2019.12.13-08.18.09:766][  0]LogConfig: Setting CVar [[r.TranslucencyVolumeBlur:1]]
[2019.12.13-08.18.09:766][  0]LogConfig: Setting CVar [[r.MaterialQualityLevel:1 ; High quality]]
[2019.12.13-08.18.09:766][  0]LogConfig: Setting CVar [[r.SSS.Scale:1]]
[2019.12.13-08.18.09:766][  0]LogConfig: Setting CVar [[r.SSS.SampleSet:2]]
[2019.12.13-08.18.09:766][  0]LogConfig: Setting CVar [[r.SSS.Quality:1]]
[2019.12.13-08.18.09:766][  0]LogConfig: Setting CVar [[r.SSS.HalfRes:1]]
[2019.12.13-08.18.09:766][  0]LogConfig: Setting CVar [[r.EmitterSpawnRateScale:1.0]]
[2019.12.13-08.18.09:766][  0]LogConfig: Setting CVar [[r.ParticleLightQuality:2]]
[2019.12.13-08.18.09:766][  0]LogConfig: Applying CVar settings from Section [FoliageQuality@3] File [E:/CubeMon/Decade/Saved/Config/Windows/Scalability.ini]
[2019.12.13-08.18.09:767][  0]LogConfig: Setting CVar [[foliage.DensityScale:1.0]]
[2019.12.13-08.18.09:767][  0]LogConfig: Setting CVar [[grass.DensityScale:1.0]]
[2019.12.13-08.18.09:767][  0]LogInit: Selected Device Profile: [Windows]
[2019.12.13-08.18.09:767][  0]LogInit: Applying CVar settings loaded from the selected device profile: [Windows]
[2019.12.13-08.18.09:785][  0]LogHAL: Display: Platform has ~ 16 GB [16983642112 / 17179869184 / 16], which maps to Larger [LargestMinGB=32, LargerMinGB=12, DefaultMinGB=8, SmallerMinGB=6, SmallestMinGB=0)
[2019.12.13-08.18.09:785][  0]LogConfig: Setting CVar [[r.Vulkan.UseRealUBs:0		; Required until we fix HLR fall-out]]
[2019.12.13-08.18.09:785][  0]LogInit: Going up to parent DeviceProfile []
[2019.12.13-08.18.09:785][  0]LogConfig: Applying CVar settings from Section [ViewDistanceQuality@3] File [E:/CubeMon/Decade/Saved/Config/Windows/Scalability.ini]
[2019.12.13-08.18.09:786][  0]LogConfig: Setting CVar [[r.SkeletalMeshLODBias:0]]
[2019.12.13-08.18.09:786][  0]LogConfig: Setting CVar [[r.ViewDistanceScale:1.0]]
[2019.12.13-08.18.09:786][  0]LogConfig: Applying CVar settings from Section [AntiAliasingQuality@3] File [E:/CubeMon/Decade/Saved/Config/Windows/Scalability.ini]
[2019.12.13-08.18.09:786][  0]LogConfig: Setting CVar [[r.PostProcessAAQuality:4]]
[2019.12.13-08.18.09:786][  0]LogConfig: Applying CVar settings from Section [ShadowQuality@3] File [E:/CubeMon/Decade/Saved/Config/Windows/Scalability.ini]
[2019.12.13-08.18.09:786][  0]LogConfig: Setting CVar [[r.LightFunctionQuality:1]]
[2019.12.13-08.18.09:786][  0]LogConfig: Setting CVar [[r.ShadowQuality:5]]
[2019.12.13-08.18.09:786][  0]LogConfig: Setting CVar [[r.Shadow.CSM.MaxCascades:10]]
[2019.12.13-08.18.09:786][  0]LogConfig: Setting CVar [[r.Shadow.MaxResolution:2048]]
[2019.12.13-08.18.09:786][  0]LogConfig: Setting CVar [[r.Shadow.MaxCSMResolution:2048]]
[2019.12.13-08.18.09:786][  0]LogConfig: Setting CVar [[r.Shadow.RadiusThreshold:0.01]]
[2019.12.13-08.18.09:786][  0]LogConfig: Setting CVar [[r.Shadow.DistanceScale:1.0]]
[2019.12.13-08.18.09:786][  0]LogConfig: Setting CVar [[r.Shadow.CSM.TransitionScale:1.0]]
[2019.12.13-08.18.09:786][  0]LogConfig: Setting CVar [[r.Shadow.PreShadowResolutionFactor:1.0]]
[2019.12.13-08.18.09:786][  0]LogConfig: Setting CVar [[r.DistanceFieldShadowing:1]]
[2019.12.13-08.18.09:786][  0]LogConfig: Setting CVar [[r.DistanceFieldAO:1]]
[2019.12.13-08.18.09:786][  0]LogConfig: Setting CVar [[r.AOQuality:2]]
[2019.12.13-08.18.09:786][  0]LogConfig: Setting CVar [[r.VolumetricFog:1]]
[2019.12.13-08.18.09:786][  0]LogConfig: Setting CVar [[r.VolumetricFog.GridPixelSize:8]]
[2019.12.13-08.18.09:786][  0]LogConfig: Setting CVar [[r.VolumetricFog.GridSizeZ:128]]
[2019.12.13-08.18.09:786][  0]LogConfig: Setting CVar [[r.VolumetricFog.HistoryMissSupersampleCount:4]]
[2019.12.13-08.18.09:786][  0]LogConfig: Setting CVar [[r.LightMaxDrawDistanceScale:1]]
[2019.12.13-08.18.09:786][  0]LogConfig: Setting CVar [[r.CapsuleShadows:1]]
[2019.12.13-08.18.09:786][  0]LogConfig: Applying CVar settings from Section [PostProcessQuality@3] File [E:/CubeMon/Decade/Saved/Config/Windows/Scalability.ini]
[2019.12.13-08.18.09:786][  0]LogConfig: Setting CVar [[r.MotionBlurQuality:4]]
[2019.12.13-08.18.09:786][  0]LogConfig: Setting CVar [[r.AmbientOcclusionMipLevelFactor:0.4]]
[2019.12.13-08.18.09:786][  0]LogConfig: Setting CVar [[r.AmbientOcclusionMaxQuality:100]]
[2019.12.13-08.18.09:786][  0]LogConfig: Setting CVar [[r.AmbientOcclusionLevels:-1]]
[2019.12.13-08.18.09:786][  0]LogConfig: Setting CVar [[r.AmbientOcclusionRadiusScale:1.0]]
[2019.12.13-08.18.09:786][  0]LogConfig: Setting CVar [[r.DepthOfFieldQuality:2]]
[2019.12.13-08.18.09:786][  0]LogConfig: Setting CVar [[r.RenderTargetPoolMin:400]]
[2019.12.13-08.18.09:786][  0]LogConfig: Setting CVar [[r.LensFlareQuality:2]]
[2019.12.13-08.18.09:786][  0]LogConfig: Setting CVar [[r.SceneColorFringeQuality:1]]
[2019.12.13-08.18.09:786][  0]LogConfig: Setting CVar [[r.EyeAdaptationQuality:2]]
[2019.12.13-08.18.09:786][  0]LogConfig: Setting CVar [[r.BloomQuality:5]]
[2019.12.13-08.18.09:786][  0]LogConfig: Setting CVar [[r.FastBlurThreshold:100]]
[2019.12.13-08.18.09:786][  0]LogConfig: Setting CVar [[r.Upscale.Quality:3]]
[2019.12.13-08.18.09:786][  0]LogConfig: Setting CVar [[r.Tonemapper.GrainQuantization:1]]
[2019.12.13-08.18.09:786][  0]LogConfig: Setting CVar [[r.LightShaftQuality:1]]
[2019.12.13-08.18.09:786][  0]LogConfig: Setting CVar [[r.Filter.SizeScale:1]]
[2019.12.13-08.18.09:786][  0]LogConfig: Setting CVar [[r.Tonemapper.Quality:5]]
[2019.12.13-08.18.09:786][  0]LogConfig: Setting CVar [[r.DOF.Gather.AccumulatorQuality:1        ; higher gathering accumulator quality]]
[2019.12.13-08.18.09:786][  0]LogConfig: Setting CVar [[r.DOF.Gather.PostfilterMethod:1          ; Median3x3 postfilering method]]
[2019.12.13-08.18.09:786][  0]LogConfig: Setting CVar [[r.DOF.Gather.EnableBokehSettings:0       ; no bokeh simulation when gathering]]
[2019.12.13-08.18.09:787][  0]LogConfig: Setting CVar [[r.DOF.Gather.RingCount:4                 ; medium number of samples when gathering]]
[2019.12.13-08.18.09:787][  0]LogConfig: Setting CVar [[r.DOF.Scatter.ForegroundCompositing:1    ; additive foreground scattering]]
[2019.12.13-08.18.09:787][  0]LogConfig: Setting CVar [[r.DOF.Scatter.BackgroundCompositing:2    ; additive background scattering]]
[2019.12.13-08.18.09:787][  0]LogConfig: Setting CVar [[r.DOF.Scatter.EnableBokehSettings:1      ; bokeh simulation when scattering]]
[2019.12.13-08.18.09:787][  0]LogConfig: Setting CVar [[r.DOF.Scatter.MaxSpriteRatio:0.1         ; only a maximum of 10% of scattered bokeh]]
[2019.12.13-08.18.09:787][  0]LogConfig: Setting CVar [[r.DOF.Recombine.Quality:1                ; cheap slight out of focus]]
[2019.12.13-08.18.09:787][  0]LogConfig: Setting CVar [[r.DOF.Recombine.EnableBokehSettings:0    ; no bokeh simulation on slight out of focus]]
[2019.12.13-08.18.09:787][  0]LogConfig: Setting CVar [[r.DOF.TemporalAAQuality:1                ; more stable temporal accumulation]]
[2019.12.13-08.18.09:787][  0]LogConfig: Setting CVar [[r.DOF.Kernel.MaxForegroundRadius:0.025]]
[2019.12.13-08.18.09:787][  0]LogConfig: Setting CVar [[r.DOF.Kernel.MaxBackgroundRadius:0.025]]
[2019.12.13-08.18.09:787][  0]LogConfig: Applying CVar settings from Section [TextureQuality@3] File [E:/CubeMon/Decade/Saved/Config/Windows/Scalability.ini]
[2019.12.13-08.18.09:787][  0]LogConfig: Setting CVar [[r.Streaming.MipBias:0]]
[2019.12.13-08.18.09:787][  0]LogConfig: Setting CVar [[r.Streaming.AmortizeCPUToGPUCopy:0]]
[2019.12.13-08.18.09:787][  0]LogConfig: Setting CVar [[r.Streaming.MaxNumTexturesToStreamPerFrame:0]]
[2019.12.13-08.18.09:787][  0]LogConfig: Setting CVar [[r.Streaming.Boost:1]]
[2019.12.13-08.18.09:787][  0]LogConfig: Setting CVar [[r.MaxAnisotropy:8]]
[2019.12.13-08.18.09:787][  0]LogConfig: Setting CVar [[r.Streaming.LimitPoolSizeToVRAM:0]]
[2019.12.13-08.18.09:787][  0]LogConfig: Setting CVar [[r.Streaming.PoolSize:1000]]
[2019.12.13-08.18.09:787][  0]LogConfig: Setting CVar [[r.Streaming.MaxEffectiveScreenSize:0]]
[2019.12.13-08.18.09:787][  0]LogConfig: Applying CVar settings from Section [EffectsQuality@3] File [E:/CubeMon/Decade/Saved/Config/Windows/Scalability.ini]
[2019.12.13-08.18.09:787][  0]LogConfig: Setting CVar [[r.TranslucencyLightingVolumeDim:64]]
[2019.12.13-08.18.09:787][  0]LogConfig: Setting CVar [[r.RefractionQuality:2]]
[2019.12.13-08.18.09:787][  0]LogConfig: Setting CVar [[r.SSR.Quality:3]]
[2019.12.13-08.18.09:787][  0]LogConfig: Setting CVar [[r.SceneColorFormat:4]]
[2019.12.13-08.18.09:787][  0]LogConfig: Setting CVar [[r.DetailMode:2]]
[2019.12.13-08.18.09:787][  0]LogConfig: Setting CVar [[r.TranslucencyVolumeBlur:1]]
[2019.12.13-08.18.09:787][  0]LogConfig: Setting CVar [[r.MaterialQualityLevel:1 ; High quality]]
[2019.12.13-08.18.09:787][  0]LogConfig: Setting CVar [[r.SSS.Scale:1]]
[2019.12.13-08.18.09:787][  0]LogConfig: Setting CVar [[r.SSS.SampleSet:2]]
[2019.12.13-08.18.09:787][  0]LogConfig: Setting CVar [[r.SSS.Quality:1]]
[2019.12.13-08.18.09:787][  0]LogConfig: Setting CVar [[r.SSS.HalfRes:1]]
[2019.12.13-08.18.09:787][  0]LogConfig: Setting CVar [[r.EmitterSpawnRateScale:1.0]]
[2019.12.13-08.18.09:787][  0]LogConfig: Setting CVar [[r.ParticleLightQuality:2]]
[2019.12.13-08.18.09:787][  0]LogConfig: Applying CVar settings from Section [FoliageQuality@3] File [E:/CubeMon/Decade/Saved/Config/Windows/Scalability.ini]
[2019.12.13-08.18.09:787][  0]LogConfig: Setting CVar [[foliage.DensityScale:1.0]]
[2019.12.13-08.18.09:787][  0]LogConfig: Setting CVar [[grass.DensityScale:1.0]]
[2019.12.13-08.18.09:787][  0]LogConfig: Applying CVar settings from Section [Startup] File [../../../Engine/Config/ConsoleVariables.ini]
[2019.12.13-08.18.09:787][  0]LogConfig: Setting CVar [[net.UseAdaptiveNetUpdateFrequency:0]]
[2019.12.13-08.18.09:787][  0]LogConfig: Setting CVar [[p.chaos.AllowCreatePhysxBodies:1]]
[2019.12.13-08.18.09:787][  0]LogConfig: Applying CVar settings from Section [ConsoleVariables] File [E:/CubeMon/Decade/Saved/Config/Windows/Engine.ini]
[2019.12.13-08.18.09:787][  0]LogInit: Computer: DESKTOP-DSDUG43
[2019.12.13-08.18.09:788][  0]LogInit: User: Ella
[2019.12.13-08.18.09:788][  0]LogInit: CPU Page size=4096, Cores=6
[2019.12.13-08.18.09:788][  0]LogInit: High frequency timer resolution =10.000000 MHz
[2019.12.13-08.18.09:788][  0]LogMemory: Memory total: Physical=15.8GB (16GB approx)
[2019.12.13-08.18.09:788][  0]LogMemory: Platform Memory Stats for Windows
[2019.12.13-08.18.09:788][  0]LogMemory: Process Physical Memory: 97.13 MB used, 97.13 MB peak
[2019.12.13-08.18.09:788][  0]LogMemory: Process Virtual Memory: 89.81 MB used, 89.81 MB peak
[2019.12.13-08.18.09:788][  0]LogMemory: Physical Memory: 12912.57 MB used,  3284.29 MB free, 16196.86 MB total
[2019.12.13-08.18.09:788][  0]LogMemory: Virtual Memory: 4660.46 MB used,  134213064.00 MB free, 134217728.00 MB total
[2019.12.13-08.18.09:874][  0]LogInit: Using OS detected language (en-US).
[2019.12.13-08.18.09:875][  0]LogInit: Using OS detected locale (en-US).
[2019.12.13-08.18.09:875][  0]LogTextLocalizationManager: No specific localization for 'en-US' exists, so the 'en' localization will be used.
[2019.12.13-08.18.10:166][  0]LogInit: Setting process to per monitor DPI aware
[2019.12.13-08.18.10:226][  0]LogSlate: New Slate User Created.  User Index 0, Is Virtual User: 0
[2019.12.13-08.18.10:226][  0]LogSlate: Slate User Registered.  User Index 0, Is Virtual User: 0
[2019.12.13-08.18.10:453][  0]LogHMD: Failed to initialize OpenVR with code 110
[2019.12.13-08.18.10:453][  0]LogD3D11RHI: D3D11 adapters:
[2019.12.13-08.18.10:530][  0]LogD3D11RHI:    0. 'NVIDIA GeForce RTX 2070 with Max-Q Design' (Feature Level 11_0)
[2019.12.13-08.18.10:530][  0]LogD3D11RHI:       8031/0/8098 MB DedicatedVideo/DedicatedSystem/SharedSystem, Outputs:1, VendorId:0x10de
[2019.12.13-08.18.10:550][  0]LogD3D11RHI:    1. 'Intel(R) UHD Graphics 630' (Feature Level 11_0)
[2019.12.13-08.18.10:550][  0]LogD3D11RHI:       128/0/8098 MB DedicatedVideo/DedicatedSystem/SharedSystem, Outputs:0, VendorId:0x8086
[2019.12.13-08.18.10:553][  0]LogD3D11RHI:    2. 'Microsoft Basic Render Driver' (Feature Level 11_0)
[2019.12.13-08.18.10:553][  0]LogD3D11RHI:       0/0/8098 MB DedicatedVideo/DedicatedSystem/SharedSystem, Outputs:0, VendorId:0x1414
[2019.12.13-08.18.10:553][  0]LogD3D11RHI: Chosen D3D11 Adapter: 0
[2019.12.13-08.18.10:599][  0]LogD3D11RHI: Creating new Direct3DDevice
[2019.12.13-08.18.10:599][  0]LogD3D11RHI:     GPU DeviceId: 0x1f10 (for the marketing name, search the web for "GPU Device Id")
[2019.12.13-08.18.10:599][  0]LogWindows: EnumDisplayDevices:
[2019.12.13-08.18.10:599][  0]LogWindows:    0. 'Intel(R) UHD Graphics 630' (P:1 D:1)
[2019.12.13-08.18.10:599][  0]LogWindows:    1. 'Intel(R) UHD Graphics 630' (P:0 D:0)
[2019.12.13-08.18.10:600][  0]LogWindows:    2. 'Intel(R) UHD Graphics 630' (P:0 D:0)
[2019.12.13-08.18.10:600][  0]LogWindows:    3. 'NVIDIA GeForce RTX 2070 with Max-Q Design' (P:0 D:0)
[2019.12.13-08.18.10:600][  0]LogWindows:    4. 'NVIDIA GeForce RTX 2070 with Max-Q Design' (P:0 D:0)
[2019.12.13-08.18.10:600][  0]LogWindows:    5. 'NVIDIA GeForce RTX 2070 with Max-Q Design' (P:0 D:0)
[2019.12.13-08.18.10:601][  0]LogWindows:    6. 'NVIDIA GeForce RTX 2070 with Max-Q Design' (P:0 D:0)
[2019.12.13-08.18.10:601][  0]LogWindows: DebugString: PrimaryIsNotTheChoosenAdapter PrimaryIsNotTheChoosenAdapter PrimaryIsNotTheChoosenAdapter FoundDriverCount:4 
[2019.12.13-08.18.10:601][  0]LogD3D11RHI:     Adapter Name: NVIDIA GeForce RTX 2070 with Max-Q Design
[2019.12.13-08.18.10:601][  0]LogD3D11RHI:   Driver Version: 431.53 (internal:26.21.14.3153, unified:431.53)
[2019.12.13-08.18.10:601][  0]LogD3D11RHI:      Driver Date: 7-12-2019
[2019.12.13-08.18.10:601][  0]LogRHI: Texture pool is 5621 MB (70% of 8031 MB)
[2019.12.13-08.18.10:658][  0]LogD3D11RHI: Async texture creation enabled
[2019.12.13-08.18.10:661][  0]LogRendererCore: FGlobalReadBuffer::InitRHI
[2019.12.13-08.18.10:662][  0]LogRendererCore: FGlobalReadBuffer::InitRHI
[2019.12.13-08.18.10:662][  0]LogRendererCore: FGlobalReadBuffer::InitRHI
[2019.12.13-08.18.10:672][  0]LogD3D11RHI: GPU Timing Frequency: 1000.000000 (Debug: 2 1)
[2019.12.13-08.18.11:048][  0]LogTemp: Display: Module 'AllDesktopTargetPlatform' loaded TargetPlatform 'AllDesktop'
[2019.12.13-08.18.11:074][  0]LogTemp: Display: Module 'MacClientTargetPlatform' loaded TargetPlatform 'MacClient'
[2019.12.13-08.18.11:087][  0]LogTemp: Display: Module 'MacNoEditorTargetPlatform' loaded TargetPlatform 'MacNoEditor'
[2019.12.13-08.18.11:100][  0]LogTemp: Display: Module 'MacServerTargetPlatform' loaded TargetPlatform 'MacServer'
[2019.12.13-08.18.11:112][  0]LogTemp: Display: Module 'MacTargetPlatform' loaded TargetPlatform 'Mac'
[2019.12.13-08.18.11:125][  0]LogTemp: Display: Module 'WindowsClientTargetPlatform' loaded TargetPlatform 'WindowsClient'
[2019.12.13-08.18.11:137][  0]LogTemp: Display: Module 'WindowsNoEditorTargetPlatform' loaded TargetPlatform 'WindowsNoEditor'
[2019.12.13-08.18.11:150][  0]LogTemp: Display: Module 'WindowsServerTargetPlatform' loaded TargetPlatform 'WindowsServer'
[2019.12.13-08.18.11:155][  0]LogTemp: Display: Module 'WindowsTargetPlatform' loaded TargetPlatform 'Windows'
[2019.12.13-08.18.11:237][  0]LogTemp: Display: Module 'AndroidTargetPlatform' loaded TargetPlatform 'Android'
[2019.12.13-08.18.11:237][  0]LogTemp: Display: Module 'AndroidTargetPlatform' loaded TargetPlatform 'Android_ASTC'
[2019.12.13-08.18.11:237][  0]LogTemp: Display: Module 'AndroidTargetPlatform' loaded TargetPlatform 'Android_ATC'
[2019.12.13-08.18.11:237][  0]LogTemp: Display: Module 'AndroidTargetPlatform' loaded TargetPlatform 'Android_DXT'
[2019.12.13-08.18.11:237][  0]LogTemp: Display: Module 'AndroidTargetPlatform' loaded TargetPlatform 'Android_ETC1'
[2019.12.13-08.18.11:237][  0]LogTemp: Display: Module 'AndroidTargetPlatform' loaded TargetPlatform 'Android_ETC1a'
[2019.12.13-08.18.11:237][  0]LogTemp: Display: Module 'AndroidTargetPlatform' loaded TargetPlatform 'Android_ETC2'
[2019.12.13-08.18.11:237][  0]LogTemp: Display: Module 'AndroidTargetPlatform' loaded TargetPlatform 'Android_PVRTC'
[2019.12.13-08.18.11:237][  0]LogTemp: Display: Module 'AndroidTargetPlatform' loaded TargetPlatform 'AndroidClient'
[2019.12.13-08.18.11:237][  0]LogTemp: Display: Module 'AndroidTargetPlatform' loaded TargetPlatform 'Android_ASTCClient'
[2019.12.13-08.18.11:237][  0]LogTemp: Display: Module 'AndroidTargetPlatform' loaded TargetPlatform 'Android_ATCClient'
[2019.12.13-08.18.11:237][  0]LogTemp: Display: Module 'AndroidTargetPlatform' loaded TargetPlatform 'Android_DXTClient'
[2019.12.13-08.18.11:237][  0]LogTemp: Display: Module 'AndroidTargetPlatform' loaded TargetPlatform 'Android_ETC1Client'
[2019.12.13-08.18.11:237][  0]LogTemp: Display: Module 'AndroidTargetPlatform' loaded TargetPlatform 'Android_ETC1aClient'
[2019.12.13-08.18.11:237][  0]LogTemp: Display: Module 'AndroidTargetPlatform' loaded TargetPlatform 'Android_ETC2Client'
[2019.12.13-08.18.11:237][  0]LogTemp: Display: Module 'AndroidTargetPlatform' loaded TargetPlatform 'Android_PVRTCClient'
[2019.12.13-08.18.11:237][  0]LogTemp: Display: Module 'AndroidTargetPlatform' loaded TargetPlatform 'Android_Multi'
[2019.12.13-08.18.11:237][  0]LogTemp: Display: Module 'AndroidTargetPlatform' loaded TargetPlatform 'Android_MultiClient'
[2019.12.13-08.18.11:239][  0]LogTemp: Display: Module 'HTML5TargetPlatform' loaded TargetPlatform 'HTML5'
[2019.12.13-08.18.11:290][  0]LogTemp: Display: Module 'IOSTargetPlatform' loaded TargetPlatform 'IOSClient'
[2019.12.13-08.18.11:290][  0]LogTemp: Display: Module 'IOSTargetPlatform' loaded TargetPlatform 'IOS'
[2019.12.13-08.18.11:316][  0]LogTemp: Display: Module 'TVOSTargetPlatform' loaded TargetPlatform 'TVOSClient'
[2019.12.13-08.18.11:316][  0]LogTemp: Display: Module 'TVOSTargetPlatform' loaded TargetPlatform 'TVOS'
[2019.12.13-08.18.11:327][  0]LogTemp: Display: Module 'LinuxClientTargetPlatform' loaded TargetPlatform 'LinuxClient'
[2019.12.13-08.18.11:339][  0]LogTemp: Display: Module 'LinuxNoEditorTargetPlatform' loaded TargetPlatform 'LinuxNoEditor'
[2019.12.13-08.18.11:352][  0]LogTemp: Display: Module 'LinuxServerTargetPlatform' loaded TargetPlatform 'LinuxServer'
[2019.12.13-08.18.11:365][  0]LogTemp: Display: Module 'LinuxTargetPlatform' loaded TargetPlatform 'Linux'
[2019.12.13-08.18.11:416][  0]LogTemp: Display: Module 'LuminTargetPlatform' loaded TargetPlatform 'Lumin'
[2019.12.13-08.18.11:416][  0]LogTemp: Display: Module 'LuminTargetPlatform' loaded TargetPlatform 'LuminClient'
[2019.12.13-08.18.11:416][  0]LogTargetPlatformManager: Display: Building Assets For Windows
[2019.12.13-08.18.11:423][  0]LogAudioDebug: Display: Lib vorbis DLL was dynamically loaded.
[2019.12.13-08.18.11:468][  0]LogShaderCompilers: Guid format shader working directory is 28 characters bigger than the processId version (E:/CubeMon/Decade/Intermediate/Shaders/WorkingDirectory/6308/).
[2019.12.13-08.18.11:469][  0]LogShaderCompilers: Cleaned the shader compiler working directory 'C:/Users/Ella/AppData/Local/Temp/UnrealShaderWorkingDir/F70A30BA4AAE7D7A5BF6F0895A6B6A4E/'.
[2019.12.13-08.18.11:481][  0]LogShaderCompilers: Display: Using XGE Shader Compiler (Interception Interface).
[2019.12.13-08.18.12:023][  0]LogDerivedDataCache: Display: Max Cache Size: 512 MB
[2019.12.13-08.18.12:080][  0]LogDerivedDataCache: Loaded boot cache 0.06s 74MB C:/Users/Ella/AppData/Local/UnrealEngine/4.22/DerivedDataCache/Boot.ddc.
[2019.12.13-08.18.12:080][  0]LogDerivedDataCache: Display: Loaded Boot cache: C:/Users/Ella/AppData/Local/UnrealEngine/4.22/DerivedDataCache/Boot.ddc
[2019.12.13-08.18.12:080][  0]LogDerivedDataCache: FDerivedDataBackendGraph:  Pak pak cache file E:/CubeMon/Decade/DerivedDataCache/DDC.ddp not found, will not use a pak cache.
[2019.12.13-08.18.12:080][  0]LogDerivedDataCache: Unable to find inner node Pak for hierarchical cache Hierarchy.
[2019.12.13-08.18.12:080][  0]LogDerivedDataCache: FDerivedDataBackendGraph:  CompressedPak pak cache file E:/CubeMon/Decade/DerivedDataCache/Compressed.ddp not found, will not use a pak cache.
[2019.12.13-08.18.12:080][  0]LogDerivedDataCache: Unable to find inner node CompressedPak for hierarchical cache Hierarchy.
[2019.12.13-08.18.12:093][  0]LogDerivedDataCache: Display: Pak cache opened for reading ../../../Engine/DerivedDataCache/Compressed.ddp.
[2019.12.13-08.18.12:093][  0]LogDerivedDataCache: FDerivedDataBackendGraph:  EnterprisePak pak cache file ../../../Enterprise/DerivedDataCache/Compressed.ddp not found, will not use a pak cache.
[2019.12.13-08.18.12:093][  0]LogDerivedDataCache: Unable to find inner node EnterprisePak for hierarchical cache Hierarchy.
[2019.12.13-08.18.12:105][  0]LogDerivedDataCache: Using Local data cache path C:/Users/Ella/AppData/Local/UnrealEngine/Common/DerivedDataCache: Writable
[2019.12.13-08.18.12:105][  0]LogDerivedDataCache: Shared data cache path not found in *engine.ini, will not use an Shared cache.
[2019.12.13-08.18.12:105][  0]LogDerivedDataCache: Unable to find inner node Shared for hierarchical cache Hierarchy.
[2019.12.13-08.18.12:126][  0]LogMaterial: Verifying Global Shaders for PCD3D_SM5
[2019.12.13-08.18.12:127][  0]LogSlate: Using FreeType 2.6.0
[2019.12.13-08.18.12:127][  0]LogSlate: SlateFontServices - WITH_FREETYPE: 1, WITH_HARFBUZZ: 1
[2019.12.13-08.18.12:207][  0]LogAssetRegistry: FAssetRegistry took 0.0312 seconds to start up
[2019.12.13-08.18.12:565][  0]LogInit: Selected Device Profile: [Windows]
[2019.12.13-08.18.12:733][  0]LogMeshReduction: Using QuadricMeshReduction for automatic static mesh reduction
[2019.12.13-08.18.12:733][  0]LogMeshReduction: Using SimplygonMeshReduction for automatic skeletal mesh reduction
[2019.12.13-08.18.12:733][  0]LogMeshReduction: Using ProxyLODMeshReduction for automatic mesh merging
[2019.12.13-08.18.12:733][  0]LogMeshReduction: No distributed automatic mesh merging module available
[2019.12.13-08.18.12:733][  0]LogMeshMerging: No distributed automatic mesh merging module available
[2019.12.13-08.18.12:749][  0]LogNetVersion: Decade 1.0.0, NetCL: 5660361, EngineNetVer: 10, GameNetVer: 0 (Checksum: 3138562843)
[2019.12.13-08.18.13:194][  0]LogPackageLocalizationCache: Processed 10 localized package path(s) for 1 prioritized culture(s) in 0.041537 seconds
[2019.12.13-08.18.13:202][  0]LogUObjectArray: 42205 objects as part of root set at end of initial load.
[2019.12.13-08.18.13:202][  0]LogUObjectAllocator: 7325032 out of 0 bytes used by permanent object pool.
[2019.12.13-08.18.13:202][  0]LogUObjectArray: CloseDisregardForGC: 0/0 objects in disregard for GC pool
[2019.12.13-08.18.13:986][  0]LogTcpMessaging: Initializing TcpMessaging bridge
[2019.12.13-08.18.14:000][  0]LogUdpMessaging: Initializing bridge on interface 0.0.0.0:0 to multicast group 230.0.0.1:6666.
[2019.12.13-08.18.14:277][  0]SourceControl: Source control is disabled
[2019.12.13-08.18.14:277][  0]SourceControl: Source control is disabled
[2019.12.13-08.18.14:279][  0]SourceControl: Source control is disabled
[2019.12.13-08.18.14:279][  0]SourceControl: Source control is disabled
[2019.12.13-08.18.14:391][  0]LogAndroidPermission: UAndroidPermissionCallbackProxy::GetInstance
[2019.12.13-08.18.14:939][  0]LogOcInput: OculusInput pre-init called
[2019.12.13-08.18.15:949][  0]LogEngine: Initializing Engine...
[2019.12.13-08.18.15:951][  0]LogHMD: Failed to initialize OpenVR with code 110
[2019.12.13-08.18.15:952][  0]LogStats: UGameplayTagsManager::InitializeManager -  0.000 s
[2019.12.13-08.18.16:350][  0]LogInit: Initializing FReadOnlyCVARCache
[2019.12.13-08.18.16:377][  0]LogAIModule: Creating AISystem for world Untitled
[2019.12.13-08.18.16:690][  0]LogInit: XAudio2 using 'Speakers/Headphones (Realtek(R) Audio)' : 6 channels at 48 kHz using 32 bits per sample (channel mask 0x3f)
[2019.12.13-08.18.16:824][  0]LogInit: FAudioDevice initialized.
[2019.12.13-08.18.16:825][  0]LogNetVersion: Set ProjectVersion to 1.0.0.0. Version Checksum will be recalculated on next use.
[2019.12.13-08.18.17:014][  0]LogDerivedDataCache: Saved boot cache 0.19s 74MB C:/Users/Ella/AppData/Local/UnrealEngine/4.22/DerivedDataCache/Boot.ddc.
[2019.12.13-08.18.17:036][  0]LogInit: Texture streaming: Enabled
[2019.12.13-08.18.17:076][  0]LogEngineSessionManager: EngineSessionManager initialized
[2019.12.13-08.18.17:076][  0]LogEngineSessionManager: EngineSessionManager sent abnormal shutdown report. Type=Crashed, SessionId={48E972FC-46D8-F12C-E298-BB8D9DA80D08}
[2019.12.13-08.18.17:128][  0]LogInit: Transaction tracking system initialized
[2019.12.13-08.18.17:165][  0]BlueprintLog: New page: Editor Load
[2019.12.13-08.18.17:300][  0]LocalizationService: Localization service is disabled
[2019.12.13-08.18.17:415][  0]LogLinker: Warning: Can't find file '/Game/FootstepSound/FootstepsCharacter/ThirdPersonOverview'
[2019.12.13-08.18.17:415][  0]LogLinker: Warning: Can't find file '/Game/FootstepSound/FootstepsCharacter/ThirdPersonOverview'
[2019.12.13-08.18.17:415][  0]LogUObjectGlobals: Warning: Failed to find object 'Class /Game/FootstepSound/FootstepsCharacter/ThirdPersonOverview.ThirdPersonOverview_C'
[2019.12.13-08.18.17:599][  0]LogFileCache: Scanning file cache for directory 'E:/CubeMon/Decade/Content/' took 0.01s
[2019.12.13-08.18.17:599][  0]LogCook: Display: Max memory allowance for cook 16384mb min free memory 0mb
[2019.12.13-08.18.17:599][  0]LogCook: Display: Mobile HDR setting 1
[2019.12.13-08.18.17:750][  0]SourceControl: Source control is disabled
[2019.12.13-08.18.17:750][  0]Cmd: MAP LOAD FILE="E:/CubeMon/Decade/Content/FirstPersonCPP/Maps/FirstPersonExampleMap.umap" TEMPLATE=0 SHOWPROGRESS=1 FEATURELEVEL=3
[2019.12.13-08.18.17:751][  0]LightingResults: New page: Lighting Build
[2019.12.13-08.18.17:752][  0]MapCheck: New page: Map Check
[2019.12.13-08.18.17:752][  0]LightingResults: New page: Lighting Build
[2019.12.13-08.18.17:778][  0]LogUObjectHash: Compacting FUObjectHashTables data took   1.82ms
[2019.12.13-08.18.17:871][  0]LogAIModule: Creating AISystem for world FirstPersonExampleMap
[2019.12.13-08.18.17:906][  0]LogEditorServer: Finished looking for orphan Actors (0.000 secs)
[2019.12.13-08.18.17:931][  0]LogUObjectHash: Compacting FUObjectHashTables data took   1.67ms
[2019.12.13-08.18.17:931][  0]Cmd: MAP CHECKDEP NOCLEARLOG
[2019.12.13-08.18.17:932][  0]MapCheck: Map check complete: 0 Error(s), 0 Warning(s), took 0.087ms to complete.
[2019.12.13-08.18.17:932][  0]LogFileHelpers: Loading map 'FirstPersonExampleMap' took 0.181
[2019.12.13-08.18.18:037][  0]LogSlate: Updating window title bar state: overlay mode, drag disabled, window buttons hidden, title bar hidden
[2019.12.13-08.18.18:044][  0]LogSlate: Updating window title bar state: overlay mode, drag disabled, window buttons hidden, title bar hidden
[2019.12.13-08.18.18:051][  0]LogSlate: Updating window title bar state: overlay mode, drag disabled, window buttons hidden, title bar hidden
[2019.12.13-08.18.18:060][  0]LogSlate: Updating window title bar state: overlay mode, drag disabled, window buttons hidden, title bar hidden
[2019.12.13-08.18.18:068][  0]LogCollectionManager: Loaded 0 collections in 0.000827 seconds
[2019.12.13-08.18.18:106][  0]LogFileCache: Scanning file cache for directory 'E:/CubeMon/Decade/Saved/Collections/' took 0.01s
[2019.12.13-08.18.18:106][  0]LogFileCache: Scanning file cache for directory 'E:/CubeMon/Decade/Content/Developers/Ella/Collections/' took 0.01s
[2019.12.13-08.18.18:106][  0]LogFileCache: Scanning file cache for directory 'E:/CubeMon/Decade/Content/Collections/' took 0.01s
[2019.12.13-08.18.18:106][  0]LogCollectionManager: Rebuilt the GUID cache for 0 collections in 0.000000 seconds
[2019.12.13-08.18.18:114][  0]LogContentBrowser: Native class hierarchy populated in 0.0084 seconds. Added 2743 classes and 661 folders.
[2019.12.13-08.18.18:120][  0]LogContentBrowser: Native class hierarchy updated for 'WidgetCarousel' in 0.0003 seconds. Added 0 classes and 0 folders.
[2019.12.13-08.18.18:121][  0]LogPakFile: Registered encryption key '00000000000000000000000000000000': 0 pak files mounted, 0 remain pending
[2019.12.13-08.18.18:122][  0]LogPakFile: Registered encryption key '00000000000000000000000000000000': 0 pak files mounted, 0 remain pending
[2019.12.13-08.18.18:122][  0]LogPakFile: Registered encryption key '00000000000000000000000000000000': 0 pak files mounted, 0 remain pending
[2019.12.13-08.18.18:123][  0]LogPakFile: Registered encryption key '00000000000000000000000000000000': 0 pak files mounted, 0 remain pending
[2019.12.13-08.18.18:123][  0]LogPakFile: Registered encryption key '00000000000000000000000000000000': 0 pak files mounted, 0 remain pending
[2019.12.13-08.18.18:123][  0]LogPakFile: Registered encryption key '00000000000000000000000000000000': 0 pak files mounted, 0 remain pending
[2019.12.13-08.18.18:124][  0]LogPakFile: Registered encryption key '00000000000000000000000000000000': 0 pak files mounted, 0 remain pending
[2019.12.13-08.18.18:124][  0]LogPakFile: Registered encryption key '00000000000000000000000000000000': 0 pak files mounted, 0 remain pending
[2019.12.13-08.18.18:125][  0]LogPakFile: Registered encryption key '00000000000000000000000000000000': 0 pak files mounted, 0 remain pending
[2019.12.13-08.18.18:125][  0]LogPakFile: Registered encryption key '00000000000000000000000000000000': 0 pak files mounted, 0 remain pending
[2019.12.13-08.18.18:126][  0]LogPakFile: Registered encryption key '00000000000000000000000000000000': 0 pak files mounted, 0 remain pending
[2019.12.13-08.18.18:126][  0]LogPakFile: Registered encryption key '00000000000000000000000000000000': 0 pak files mounted, 0 remain pending
[2019.12.13-08.18.18:127][  0]LogPakFile: Registered encryption key '00000000000000000000000000000000': 0 pak files mounted, 0 remain pending
[2019.12.13-08.18.18:127][  0]LogPakFile: Registered encryption key '00000000000000000000000000000000': 0 pak files mounted, 0 remain pending
[2019.12.13-08.18.18:127][  0]LogPakFile: Registered encryption key '00000000000000000000000000000000': 0 pak files mounted, 0 remain pending
[2019.12.13-08.18.18:128][  0]LogPakFile: Registered encryption key '00000000000000000000000000000000': 0 pak files mounted, 0 remain pending
[2019.12.13-08.18.18:128][  0]LogPakFile: Registered encryption key '00000000000000000000000000000000': 0 pak files mounted, 0 remain pending
[2019.12.13-08.18.18:128][  0]LogPakFile: Registered encryption key '00000000000000000000000000000000': 0 pak files mounted, 0 remain pending
[2019.12.13-08.18.18:129][  0]LogPakFile: Registered encryption key '00000000000000000000000000000000': 0 pak files mounted, 0 remain pending
[2019.12.13-08.18.18:129][  0]LogPakFile: Registered encryption key '00000000000000000000000000000000': 0 pak files mounted, 0 remain pending
[2019.12.13-08.18.18:129][  0]LogPakFile: Registered encryption key '00000000000000000000000000000000': 0 pak files mounted, 0 remain pending
[2019.12.13-08.18.18:130][  0]LogPakFile: Registered encryption key '00000000000000000000000000000000': 0 pak files mounted, 0 remain pending
[2019.12.13-08.18.18:130][  0]LogPakFile: Registered encryption key '00000000000000000000000000000000': 0 pak files mounted, 0 remain pending
[2019.12.13-08.18.18:131][  0]LogPakFile: Registered encryption key '00000000000000000000000000000000': 0 pak files mounted, 0 remain pending
[2019.12.13-08.18.18:131][  0]LogPakFile: Registered encryption key '00000000000000000000000000000000': 0 pak files mounted, 0 remain pending
[2019.12.13-08.18.18:132][  0]LogPakFile: Registered encryption key '00000000000000000000000000000000': 0 pak files mounted, 0 remain pending
[2019.12.13-08.18.18:157][  0]LogContentBrowser: Native class hierarchy updated for 'AddContentDialog' in 0.0003 seconds. Added 0 classes and 0 folders.
[2019.12.13-08.18.18:161][  0]LogContentBrowser: Native class hierarchy updated for 'SceneOutliner' in 0.0003 seconds. Added 1 classes and 2 folders.
[2019.12.13-08.18.18:174][  0]LogSlate: Took 0.000200 seconds to synchronously load lazily loaded font '../../../Engine/Content/Slate/Fonts/Roboto-Regular.ttf' (155K)
[2019.12.13-08.18.18:177][  0]LogSlate: Took 0.000160 seconds to synchronously load lazily loaded font '../../../Engine/Content/Slate/Fonts/Roboto-Bold.ttf' (160K)
[2019.12.13-08.18.18:183][  0]LogSlate: Took 0.000153 seconds to synchronously load lazily loaded font '../../../Engine/Content/Editor/Slate/Fonts/FontAwesome.ttf' (139K)
[2019.12.13-08.18.18:255][  0]LogRenderer: Reallocating scene render targets to support 928x436 Format 10 NumSamples 1 (Frame:1).
[2019.12.13-08.18.18:594][  0]LogContentBrowser: Native class hierarchy updated for 'HierarchicalLODOutliner' in 0.0005 seconds. Added 0 classes and 0 folders.
[2019.12.13-08.18.18:594][  0]LogLoad: (Engine Initialization) Total time: 11.09 seconds
[2019.12.13-08.18.18:594][  0]LogLoad: (Engine Initialization) Total Blueprint compile time: 0.00 seconds
[2019.12.13-08.18.18:681][  0]LogAssetRegistry: Asset discovery search completed in 6.4961 seconds
[2019.12.13-08.18.18:683][  0]LogCollectionManager: Rebuilt the object cache for 0 collections in 0.000000 seconds (found 0 objects)
[2019.12.13-08.18.18:683][  0]LogCollectionManager: Fixed up redirectors for 0 collections in 0.000085 seconds (updated 0 objects)
[2019.12.13-08.18.18:685][  0]LogContentStreaming: Texture pool size now 1000 MB
[2019.12.13-08.18.18:731][  0]LogSlate: Took 0.000171 seconds to synchronously load lazily loaded font '../../../Engine/Content/Slate/Fonts/Roboto-Light.ttf' (167K)
[2019.12.13-08.18.19:650][ 48]LogSlate: Took 0.000208 seconds to synchronously load lazily loaded font '../../../Engine/Content/Slate/Fonts/Roboto-Light.ttf' (167K)
[2019.12.13-08.18.32:369][500]LogSlate: FSceneViewport::OnFocusLost() reason 0
[2019.12.13-08.18.32:470][506]LogTemp: Repeating last play command: Selected Viewport
[2019.12.13-08.18.32:485][506]LogBlueprintUserMessages: Early PlayInEditor Detection: Level '/Game/FirstPersonCPP/Maps/FirstPersonExampleMap.FirstPersonExampleMap:PersistentLevel' has LevelScriptBlueprint '/Game/FirstPersonCPP/Maps/FirstPersonExampleMap.FirstPersonExampleMap:PersistentLevel.FirstPersonExampleMap' with GeneratedClass '/Game/FirstPersonCPP/Maps/FirstPersonExampleMap.FirstPersonExampleMap_C' with ClassGeneratedBy '/Game/FirstPersonCPP/Maps/FirstPersonExampleMap.FirstPersonExampleMap:PersistentLevel.FirstPersonExampleMap'
[2019.12.13-08.18.32:485][506]LogPlayLevel: PlayLevel: No blueprints needed recompiling
[2019.12.13-08.18.32:486][506]PIE: New page: PIE session: FirstPersonExampleMap (Dec 12, 2019, 10:18:32 PM)
[2019.12.13-08.18.32:499][506]LogPlayLevel: Creating play world package: /Game/FirstPersonCPP/Maps/UEDPIE_0_FirstPersonExampleMap
[2019.12.13-08.18.32:518][506]LogPlayLevel: PIE: StaticDuplicateObject took: (0.019425s)
[2019.12.13-08.18.32:519][506]LogAIModule: Creating AISystem for world FirstPersonExampleMap
[2019.12.13-08.18.32:519][506]LogPlayLevel: PIE: World Init took: (0.000755s)
[2019.12.13-08.18.32:519][506]LogPlayLevel: PIE: Created PIE world by copying editor world from /Game/FirstPersonCPP/Maps/FirstPersonExampleMap.FirstPersonExampleMap to /Game/FirstPersonCPP/Maps/UEDPIE_0_FirstPersonExampleMap.FirstPersonExampleMap (0.020460s)
[2019.12.13-08.18.32:546][506]LogUObjectHash: Compacting FUObjectHashTables data took   1.47ms
[2019.12.13-08.18.32:555][506]LogInit: XAudio2 using 'Speakers/Headphones (Realtek(R) Audio)' : 6 channels at 48 kHz using 32 bits per sample (channel mask 0x3f)
[2019.12.13-08.18.32:626][506]LogInit: FAudioDevice initialized.
[2019.12.13-08.18.32:663][506]LogLoad: Game class is 'DecadeGameMode'
[2019.12.13-08.18.32:667][506]LogWorld: Bringing World /Game/FirstPersonCPP/Maps/UEDPIE_0_FirstPersonExampleMap.FirstPersonExampleMap up for play (max tick rate 60) at 2019.12.13-03.18.32
[2019.12.13-08.18.32:668][506]LogWorld: Bringing up level for play took: 0.003487
[2019.12.13-08.18.32:684][506]LogContentBrowser: Native class hierarchy updated for 'MovieSceneCapture' in 0.0004 seconds. Added 20 classes and 0 folders.
[2019.12.13-08.18.32:685][506]PIE: Play in editor start time for /Game/FirstPersonCPP/Maps/UEDPIE_0_FirstPersonExampleMap 0.949
[2019.12.13-08.18.32:685][506]LogBlueprintUserMessages: Late PlayInEditor Detection: Level '/Game/FirstPersonCPP/Maps/FirstPersonExampleMap.FirstPersonExampleMap:PersistentLevel' has LevelScriptBlueprint '/Game/FirstPersonCPP/Maps/FirstPersonExampleMap.FirstPersonExampleMap:PersistentLevel.FirstPersonExampleMap' with GeneratedClass '/Game/FirstPersonCPP/Maps/FirstPersonExampleMap.FirstPersonExampleMap_C' with ClassGeneratedBy '/Game/FirstPersonCPP/Maps/FirstPersonExampleMap.FirstPersonExampleMap:PersistentLevel.FirstPersonExampleMap'
[2019.12.13-08.18.37:459][790]LogBlueprintUserMessages: Early EndPlayMap Detection: Level '/Game/FirstPersonCPP/Maps/FirstPersonExampleMap.FirstPersonExampleMap:PersistentLevel' has LevelScriptBlueprint '/Game/FirstPersonCPP/Maps/FirstPersonExampleMap.FirstPersonExampleMap:PersistentLevel.FirstPersonExampleMap' with GeneratedClass '/Game/FirstPersonCPP/Maps/FirstPersonExampleMap.FirstPersonExampleMap_C' with ClassGeneratedBy '/Game/FirstPersonCPP/Maps/FirstPersonExampleMap.FirstPersonExampleMap:PersistentLevel.FirstPersonExampleMap'
[2019.12.13-08.18.37:459][790]LogSlate: Updating window title bar state: overlay mode, drag disabled, window buttons hidden, title bar hidden
[2019.12.13-08.18.37:489][790]LogPlayLevel: Display: Shutting down PIE online subsystems
[2019.12.13-08.18.37:490][790]LogBlueprintUserMessages: Late EndPlayMap Detection: Level '/Game/FirstPersonCPP/Maps/FirstPersonExampleMap.FirstPersonExampleMap:PersistentLevel' has LevelScriptBlueprint '/Game/FirstPersonCPP/Maps/FirstPersonExampleMap.FirstPersonExampleMap:PersistentLevel.FirstPersonExampleMap' with GeneratedClass '/Game/FirstPersonCPP/Maps/FirstPersonExampleMap.FirstPersonExampleMap_C' with ClassGeneratedBy '/Game/FirstPersonCPP/Maps/FirstPersonExampleMap.FirstPersonExampleMap:PersistentLevel.FirstPersonExampleMap'
[2019.12.13-08.18.37:518][790]LogSlate: Updating window title bar state: overlay mode, drag disabled, window buttons hidden, title bar hidden
[2019.12.13-08.18.37:521][790]LogUObjectHash: Compacting FUObjectHashTables data took   1.35ms
[2019.12.13-08.18.37:561][792]LogPlayLevel: Display: Destroying online subsystem :Context_1
[2019.12.13-08.21.24:286][651]LogHotReload: New module detected: UE4Editor-Decade-0005.dll
[2019.12.13-08.21.26:312][658]LogHotReload: Starting Hot-Reload from IDE
[2019.12.13-08.21.26:405][658]LogUObjectHash: Compacting FUObjectHashTables data took   0.87ms
[2019.12.13-08.21.26:468][658]LogContentBrowser: Native class hierarchy updated for 'Decade' in 0.0003 seconds. Added 11 classes and 2 folders.
[2019.12.13-08.21.26:471][658]Display: HotReload successful (1 functions remapped  0 scriptstructs remapped)
[2019.12.13-08.21.26:634][658]LogUObjectHash: Compacting FUObjectHashTables data took   1.14ms
[2019.12.13-08.21.26:645][658]LogContentBrowser: Native class hierarchy populated in 0.0073 seconds. Added 2744 classes and 663 folders.
[2019.12.13-08.21.26:647][658]Display: HotReload took  0.3s.
[2019.12.13-08.21.30:758][670]LogSlate: FSceneViewport::OnFocusLost() reason 2
[2019.12.13-08.21.34:864][912]LogSlate: FSceneViewport::OnFocusLost() reason 0
[2019.12.13-08.21.43:623][430]LogUObjectGlobals: Reloading 1 Package(s):
	Asset Name: /Game/FirstPersonCPP/Blueprints/Cubemon
[2019.12.13-08.21.43:668][430]LogUObjectHash: Compacting FUObjectHashTables data took   0.53ms
[2019.12.13-08.21.43:881][430]LogUObjectHash: Compacting FUObjectHashTables data took   1.63ms
[2019.12.13-08.21.46:646][589]LogSlate: FSceneViewport::OnFocusLost() reason 0
[2019.12.13-08.21.46:762][596]LogTemp: Repeating last play command: Selected Viewport
[2019.12.13-08.21.46:777][596]LogBlueprintUserMessages: Early PlayInEditor Detection: Level '/Game/FirstPersonCPP/Maps/FirstPersonExampleMap.FirstPersonExampleMap:PersistentLevel' has LevelScriptBlueprint '/Game/FirstPersonCPP/Maps/FirstPersonExampleMap.FirstPersonExampleMap:PersistentLevel.FirstPersonExampleMap' with GeneratedClass '/Game/FirstPersonCPP/Maps/FirstPersonExampleMap.FirstPersonExampleMap_C' with ClassGeneratedBy '/Game/FirstPersonCPP/Maps/FirstPersonExampleMap.FirstPersonExampleMap:PersistentLevel.FirstPersonExampleMap'
[2019.12.13-08.21.46:777][596]LogPlayLevel: PlayLevel: No blueprints needed recompiling
[2019.12.13-08.21.46:777][596]PIE: New page: PIE session: FirstPersonExampleMap (Dec 12, 2019, 10:21:46 PM)
[2019.12.13-08.21.46:777][596]LogPlayLevel: Creating play world package: /Game/FirstPersonCPP/Maps/UEDPIE_0_FirstPersonExampleMap
[2019.12.13-08.21.46:790][596]LogPlayLevel: PIE: StaticDuplicateObject took: (0.012797s)
[2019.12.13-08.21.46:791][596]LogAIModule: Creating AISystem for world FirstPersonExampleMap
[2019.12.13-08.21.46:791][596]LogPlayLevel: PIE: World Init took: (0.000652s)
[2019.12.13-08.21.46:791][596]LogPlayLevel: PIE: Created PIE world by copying editor world from /Game/FirstPersonCPP/Maps/FirstPersonExampleMap.FirstPersonExampleMap to /Game/FirstPersonCPP/Maps/UEDPIE_0_FirstPersonExampleMap.FirstPersonExampleMap (0.013587s)
[2019.12.13-08.21.46:848][596]LogUObjectHash: Compacting FUObjectHashTables data took   1.27ms
[2019.12.13-08.21.46:856][596]LogInit: XAudio2 using 'Speakers/Headphones (Realtek(R) Audio)' : 6 channels at 48 kHz using 32 bits per sample (channel mask 0x3f)
[2019.12.13-08.21.46:918][596]LogInit: FAudioDevice initialized.
[2019.12.13-08.21.46:946][596]LogLoad: Game class is 'DecadeGameMode'
[2019.12.13-08.21.46:948][596]LogWorld: Bringing World /Game/FirstPersonCPP/Maps/UEDPIE_0_FirstPersonExampleMap.FirstPersonExampleMap up for play (max tick rate 60) at 2019.12.13-03.21.46
[2019.12.13-08.21.46:948][596]LogWorld: Bringing up level for play took: 0.001844
[2019.12.13-08.21.48:267][596]LogWindows: Error: === Critical error: ===
[2019.12.13-08.21.48:267][596]LogWindows: Error: 
[2019.12.13-08.21.48:267][596]LogWindows: Error: Fatal error!
[2019.12.13-08.21.48:267][596]LogWindows: Error: 
[2019.12.13-08.21.48:267][596]LogWindows: Error: Unhandled Exception: EXCEPTION_ACCESS_VIOLATION writing address 0x00000338
[2019.12.13-08.21.48:267][596]LogWindows: Error: 
[2019.12.13-08.21.48:267][596]LogWindows: Error: [Callstack] 0x00007ffe9b1734f2 UE4Editor-Decade-0005.dll!ACubemon::BeginPlay() [E:\CubeMon\Decade\Source\Decade\Cubemon.cpp:28]
[2019.12.13-08.21.48:267][596]LogWindows: Error: [Callstack] 0x00007ffeb2fb1af6 UE4Editor-Engine.dll!UnknownFunction []
[2019.12.13-08.21.48:267][596]LogWindows: Error: [Callstack] 0x00007ffeb40ccb99 UE4Editor-Engine.dll!UnknownFunction []
[2019.12.13-08.21.48:267][596]LogWindows: Error: [Callstack] 0x00007ffeb3632911 UE4Editor-Engine.dll!UnknownFunction []
[2019.12.13-08.21.48:267][596]LogWindows: Error: [Callstack] 0x00007ffeb408754e UE4Editor-Engine.dll!UnknownFunction []
[2019.12.13-08.21.48:267][596]LogWindows: Error: [Callstack] 0x00007ffeb35f99af UE4Editor-Engine.dll!UnknownFunction []
[2019.12.13-08.21.48:267][596]LogWindows: Error: [Callstack] 0x00007ffeaec4be44 UE4Editor-UnrealEd.dll!UnknownFunction []
[2019.12.13-08.21.48:267][596]LogWindows: Error: [Callstack] 0x00007ffeaec6b044 UE4Editor-UnrealEd.dll!UnknownFunction []
[2019.12.13-08.21.48:267][596]LogWindows: Error: [Callstack] 0x00007ffeaec8319f UE4Editor-UnrealEd.dll!UnknownFunction []
[2019.12.13-08.21.48:267][596]LogWindows: Error: [Callstack] 0x00007ffeae75fc4a UE4Editor-UnrealEd.dll!UnknownFunction []
[2019.12.13-08.21.48:267][596]LogWindows: Error: [Callstack] 0x00007ffeaef7d396 UE4Editor-UnrealEd.dll!UnknownFunction []
[2019.12.13-08.21.48:267][596]LogWindows: Error: [Callstack] 0x00007ff7d0196bb1 UE4Editor.exe!UnknownFunction []
[2019.12.13-08.21.48:267][596]LogWindows: Error: [Callstack] 0x00007ff7d01a554c UE4Editor.exe!UnknownFunction []
[2019.12.13-08.21.48:267][596]LogWindows: Error: [Callstack] 0x00007ff7d01a55ca UE4Editor.exe!UnknownFunction []
[2019.12.13-08.21.48:267][596]LogWindows: Error: [Callstack] 0x00007ff7d01b316c UE4Editor.exe!UnknownFunction []
[2019.12.13-08.21.48:267][596]LogWindows: Error: [Callstack] 0x00007ff7d01b5b8e UE4Editor.exe!UnknownFunction []
[2019.12.13-08.21.48:267][596]LogWindows: Error: [Callstack] 0x00007fff14ed7bd4 KERNEL32.DLL!UnknownFunction []
[2019.12.13-08.21.48:267][596]LogWindows: Error: [Callstack] 0x00007fff1550ced1 ntdll.dll!UnknownFunction []
[2019.12.13-08.21.48:267][596]LogWindows: Error: 
[2019.12.13-08.21.48:306][596]LogExit: Executing StaticShutdownAfterError
[2019.12.13-08.21.48:309][596]LogWindows: FPlatformMisc::RequestExit(1)
[2019.12.13-08.21.48:328][596]Log file closed, 12/13/19 03:21:48
