  Using 'git status' to determine working set for adaptive non-unity build (E:\CubeMon).
  Creating makefile for DecadeEditor (ini files are newer than makefile)
  Parsing headers for DecadeEditor
    Running UnrealHeaderTool "E:\CubeMon\Decade\Decade.uproject" "E:\CubeMon\Decade\Intermediate\Build\Win64\DecadeEditor\Development\DecadeEditor.uhtmanifest" -LogCmds="loginit warning, logexit warning, logdatabase error" -Unattended -WarningsAsErrors -installed
  Reflection code generated for DecadeEditor in 5.4009175 seconds
  Deleted hot-reload file: E:\CubeMon\Decade\Binaries\Win64\UE4Editor-Decade-0001.dll
  Deleted hot-reload file: E:\CubeMon\Decade\Intermediate\Build\Win64\UE4Editor\Development\Decade\UE4Editor-Decade-0001.lib
  Using Visual Studio 2019 14.24.28314 toolchain (C:\Program Files (x86)\Microsoft Visual Studio\2019\Community\VC\Tools\MSVC\14.24.28314) and Windows 10.0.18362.0 SDK (C:\Program Files (x86)\Windows Kits\10).
  Distributing 4 actions to XGE
  --------------------Build System Warning---------------------------------------
  License is invalid:
      License information is invalid. Please try reloading your license file using the Coordinator Monitor application on the Coordinator machine, or reinstall IncrediBuild.
      This build will run in standalone mode.
  
  -------------------------------------------------------------------------------
  --------------------Project: Default-------------------------------------------
  DecadeProjectile.cpp (0:01.01 at +0:00)
  UE4Editor-Decade.dll (0:00.84 at +0:01)
     Creating library E:\CubeMon\Decade\Intermediate\Build\Win64\UE4Editor\Development\Decade\UE4Editor-Decade.suppressed.lib and object E:\CubeMon\Decade\Intermediate\Build\Win64\UE4Editor\Development\Decade\UE4Editor-Decade.suppressed.exp
  UE4Editor-Decade.lib (0:00.14 at +0:01)
     Creating library E:\CubeMon\Decade\Intermediate\Build\Win64\UE4Editor\Development\Decade\UE4Editor-Decade.lib and object E:\CubeMon\Decade\Intermediate\Build\Win64\UE4Editor\Development\Decade\UE4Editor-Decade.exp
  DecadeEditor.target (0:00.17 at +0:02)
  ---------------------- Done ----------------------
  
      Rebuild All: 1 succeeded, 0 failed, 0 skipped
  
  1 build system warning(s):
     - License is invalid
  
  Total time in XGE executor: 2.46 seconds
  Total execution time: 9.52 seconds
